<?xml version="1.0" encoding="UTF-8"?>
<!-- Generated by org.testng.reporters.JUnitXMLReporter -->
<testsuite hostname="Kesavs-MacBook-Air.local" name="Default test" tests="2" failures="0" timestamp="1 Jul 2019 09:16:32 GMT" time="0.419" errors="0">
  <testcase name="@BeforeClass Product_Installation" time="0.0" classname="com.symantec.vip.automation.ConfigurationImportTest_kesav">
    <failure type="org.testng.TestNGException" message="
Parameter &amp;apos;os&amp;apos; is required by @Configuration on method Product_Installation but has not been marked @Optional or defined
in /private/var/folders/s0/b0ns8tf931xgx7n8q_8b7wfh0000gq/T/testng-eclipse--178942174/testng-customsuite.xml">
      <![CDATA[org.testng.TestNGException: 
Parameter 'os' is required by @Configuration on method Product_Installation but has not been marked @Optional or defined
in /private/var/folders/s0/b0ns8tf931xgx7n8q_8b7wfh0000gq/T/testng-eclipse--178942174/testng-customsuite.xml
	at org.testng.internal.Parameters.createParameters(Parameters.java:155)
	at org.testng.internal.Parameters.createParameters(Parameters.java:358)
	at org.testng.internal.Parameters.createConfigurationParameters(Parameters.java:86)
	at org.testng.internal.Invoker.invokeConfigurations(Invoker.java:199)
	at org.testng.internal.Invoker.invokeConfigurations(Invoker.java:138)
	at org.testng.internal.TestMethodWorker.invokeBeforeClassMethods(TestMethodWorker.java:175)
	at org.testng.internal.TestMethodWorker.run(TestMethodWorker.java:107)
	at org.testng.TestRunner.privateRun(TestRunner.java:767)
	at org.testng.TestRunner.run(TestRunner.java:617)
	at org.testng.SuiteRunner.runTest(SuiteRunner.java:348)
	at org.testng.SuiteRunner.runSequentially(SuiteRunner.java:343)
	at org.testng.SuiteRunner.privateRun(SuiteRunner.java:305)
	at org.testng.SuiteRunner.run(SuiteRunner.java:254)
	at org.testng.SuiteRunnerWorker.runSuite(SuiteRunnerWorker.java:52)
	at org.testng.SuiteRunnerWorker.run(SuiteRunnerWorker.java:86)
	at org.testng.TestNG.runSuitesSequentially(TestNG.java:1224)
	at org.testng.TestNG.runSuitesLocally(TestNG.java:1149)
	at org.testng.TestNG.run(TestNG.java:1057)
	at org.testng.remote.AbstractRemoteTestNG.run(AbstractRemoteTestNG.java:114)
	at org.testng.remote.RemoteTestNG.initAndRun(RemoteTestNG.java:251)
	at org.testng.remote.RemoteTestNG.main(RemoteTestNG.java:77)
]]>
    </failure>
  </testcase> <!-- @BeforeClass Product_Installation -->
  <testcase name="@BeforeClass init_Web_Driver_for_Live_Update" time="0.0" classname="com.symantec.vip.automation.ConfigurationImportTest_kesav">
    <skipped/>
  </testcase> <!-- @BeforeClass init_Web_Driver_for_Live_Update -->
  <testcase name="@BeforeClass setProductSourceVersion" time="0.0" classname="com.symantec.vip.automation.ConfigurationImportTest_kesav">
    <skipped/>
  </testcase> <!-- @BeforeClass setProductSourceVersion -->
  <testcase name="@BeforeMethod Create_Web_Driver" time="0.0" classname="com.symantec.vip.automation.ConfigurationImportTest_kesav">
    <skipped/>
  </testcase> <!-- @BeforeMethod Create_Web_Driver -->
  <testcase name="@BeforeMethod Create_Web_Driver" time="0.0" classname="com.symantec.vip.automation.ConfigurationImportTest_kesav">
    <skipped/>
  </testcase> <!-- @BeforeMethod Create_Web_Driver -->
  <testcase name="@AfterClass afterImportTests" time="0.0" classname="com.symantec.vip.automation.ConfigurationImportTest_kesav">
    <skipped/>
  </testcase> <!-- @AfterClass afterImportTests -->
  <testcase name="AddVIPCertificate_FirstTime" time="0.002" classname="com.symantec.vip.automation.ConfigurationImportTest_kesav">
    <skipped/>
  </testcase> <!-- AddVIPCertificate_FirstTime -->
  <testcase name="Import_Cross_Version_Configuration" time="0.003" classname="com.symantec.vip.automation.ConfigurationImportTest_kesav">
    <skipped/>
  </testcase> <!-- Import_Cross_Version_Configuration -->
</testsuite> <!-- Default test -->
